

Processing ApplicationController#index (for 127.0.0.1 at 2010-03-12 16:22:03) [GET]

ActionController::RoutingError (No route matches "/" with {:method=>:get}):
  

Rendering rescues/layout (not_found)


Processing ApplicationController#index (for 127.0.0.1 at 2010-03-12 16:25:34) [GET]

ActionController::RoutingError (No route matches "/" with {:method=>:get}):
  

Rendering rescues/layout (not_found)


Processing PagesController#index (for 127.0.0.1 at 2010-03-12 16:26:09) [GET]
  [4;36;1mPage Load (0.0ms)[0m   [0;1mSQLite3::SQLException: no such table: pages: SELECT * FROM "pages" [0m

ActiveRecord::StatementInvalid (SQLite3::SQLException: no such table: pages: SELECT * FROM "pages" ):
  app/controllers/pages_controller.rb:5:in `index'

Rendered rescues/_trace (35.6ms)
Rendered rescues/_request_and_response (1.1ms)
Rendering rescues/layout (internal_server_error)
  [4;36;1mSQL (0.2ms)[0m   [0;1m SELECT name
 FROM sqlite_master
 WHERE type = 'table' AND NOT name = 'sqlite_sequence'
[0m
  [4;35;1mSQL (0.1ms)[0m   [0mselect sqlite_version(*)[0m
  [4;36;1mSQL (15.0ms)[0m   [0;1mCREATE TABLE "schema_migrations" ("version" varchar(255) NOT NULL) [0m
  [4;35;1mSQL (6.8ms)[0m   [0mCREATE UNIQUE INDEX "unique_schema_migrations" ON "schema_migrations" ("version")[0m
  [4;36;1mSQL (0.2ms)[0m   [0;1m SELECT name
 FROM sqlite_master
 WHERE type = 'table' AND NOT name = 'sqlite_sequence'
[0m
  [4;35;1mSQL (0.1ms)[0m   [0mSELECT version FROM schema_migrations[0m
Migrating to CreatePages (20100312212325)
  [4;36;1mSQL (0.5ms)[0m   [0;1mCREATE TABLE "pages" ("id" INTEGER PRIMARY KEY AUTOINCREMENT NOT NULL, "created_at" datetime, "updated_at" datetime) [0m
  [4;35;1mSQL (0.1ms)[0m   [0mINSERT INTO schema_migrations (version) VALUES ('20100312212325')[0m
  [4;36;1mSQL (0.3ms)[0m   [0;1m SELECT name
 FROM sqlite_master
 WHERE type = 'table' AND NOT name = 'sqlite_sequence'
[0m
  [4;35;1mSQL (0.1ms)[0m   [0mSELECT version FROM schema_migrations[0m
  [4;36;1mSQL (0.2ms)[0m   [0;1m SELECT name
 FROM sqlite_master
 WHERE type = 'table' AND NOT name = 'sqlite_sequence'
[0m
  [4;35;1mSQL (0.0ms)[0m   [0mPRAGMA index_list("pages")[0m


Processing PagesController#index (for 127.0.0.1 at 2010-03-12 16:26:26) [GET]
  [4;36;1mPage Load (0.3ms)[0m   [0;1mSELECT * FROM "pages" [0m
Rendering template within layouts/pages
Rendering pages/index
Completed in 68ms (View: 65, DB: 0) | 200 OK [http://localhost/]


Processing ApplicationController#index (for 127.0.0.1 at 2010-03-12 16:26:26) [GET]

ActionController::RoutingError (No route matches "/stylesheets/scaffold.css" with {:method=>:get}):
  

Rendering rescues/layout (not_found)


Processing PagesController#index (for 127.0.0.1 at 2010-03-12 16:27:00) [GET]
  [4;35;1mPage Load (0.4ms)[0m   [0mSELECT * FROM "pages" [0m
Rendering template within layouts/pages
Rendering pages/index
Completed in 5ms (View: 1, DB: 0) | 200 OK [http://localhost/]


Processing ApplicationController#index (for 127.0.0.1 at 2010-03-12 16:27:00) [GET]

ActionController::RoutingError (No route matches "/stylesheets/scaffold.css" with {:method=>:get}):
  

Rendering rescues/layout (not_found)


Processing PagesController#index (for 127.0.0.1 at 2010-03-12 16:28:21) [GET]
  [4;36;1mPage Load (0.3ms)[0m   [0;1mSELECT * FROM "pages" [0m
Rendering template within layouts/pages
Rendering pages/index
Completed in 4ms (View: 1, DB: 0) | 200 OK [http://localhost/]


Processing ApplicationController#index (for 127.0.0.1 at 2010-03-12 16:28:21) [GET]

ActionController::RoutingError (No route matches "/stylesheets/scaffold.css" with {:method=>:get}):
  

Rendering rescues/layout (not_found)


Processing PagesController#index (for 127.0.0.1 at 2010-03-12 16:28:48) [GET]
  [4;35;1mPage Load (0.4ms)[0m   [0mSELECT * FROM "pages" [0m
Rendering template within layouts/application
Rendering pages/index
Completed in 9ms (View: 5, DB: 0) | 200 OK [http://localhost/]


Processing PagesController#index (for 127.0.0.1 at 2010-03-12 16:32:15) [GET]
  [4;36;1mPage Load (0.3ms)[0m   [0;1mSELECT * FROM "pages" [0m
Rendering template within layouts/application
Rendering pages/index
Rendered layouts/_header (0.3ms)
Completed in 18ms (View: 14, DB: 0) | 200 OK [http://localhost/]


Processing PagesController#index (for 127.0.0.1 at 2010-03-12 16:33:31) [GET]
  [4;35;1mPage Load (0.3ms)[0m   [0mSELECT * FROM "pages" [0m
Rendering template within layouts/application
Rendering pages/index
Rendered layouts/_header (0.1ms)
Completed in 6ms (View: 2, DB: 0) | 200 OK [http://localhost/]


Processing PagesController#index (for 127.0.0.1 at 2010-03-12 16:33:38) [GET]
  [4;36;1mPage Load (0.4ms)[0m   [0;1mSELECT * FROM "pages" [0m
Rendering template within layouts/application
Rendering pages/index
Rendered layouts/_header (0.1ms)
Completed in 5ms (View: 1, DB: 0) | 200 OK [http://localhost/]


Processing PagesController#index (for 127.0.0.1 at 2010-03-12 16:33:50) [GET]
  [4;35;1mPage Load (0.3ms)[0m   [0mSELECT * FROM "pages" [0m
Rendering template within layouts/application
Rendering pages/index
Rendered layouts/_header (0.1ms)
Completed in 5ms (View: 1, DB: 0) | 200 OK [http://localhost/]


Processing PagesController#index (for 127.0.0.1 at 2010-03-12 16:34:10) [GET]
  [4;36;1mPage Load (0.3ms)[0m   [0;1mSELECT * FROM "pages" [0m
Rendering template within layouts/application
Rendering pages/index
Rendered layouts/_header (0.1ms)
Completed in 5ms (View: 1, DB: 0) | 200 OK [http://localhost/]


Processing PagesController#index (for 127.0.0.1 at 2010-03-12 16:34:17) [GET]
  [4;35;1mPage Load (0.3ms)[0m   [0mSELECT * FROM "pages" [0m
Rendering template within layouts/application
Rendering pages/index
Rendered layouts/_header (0.1ms)
Completed in 4ms (View: 1, DB: 0) | 200 OK [http://localhost/]


Processing PagesController#index (for 127.0.0.1 at 2010-03-12 16:34:18) [GET]
  [4;36;1mPage Load (0.3ms)[0m   [0;1mSELECT * FROM "pages" [0m
Rendering template within layouts/application
Rendering pages/index
Rendered layouts/_header (0.1ms)
Completed in 5ms (View: 1, DB: 0) | 200 OK [http://localhost/]


Processing PagesController#index (for 127.0.0.1 at 2010-03-12 16:34:36) [GET]
  [4;35;1mPage Load (0.4ms)[0m   [0mSELECT * FROM "pages" [0m
Rendering template within layouts/application
Rendering pages/index
Rendered layouts/_header (0.1ms)
Completed in 5ms (View: 1, DB: 0) | 200 OK [http://localhost/]


Processing PagesController#index (for 127.0.0.1 at 2010-03-12 16:34:54) [GET]
  [4;36;1mPage Load (0.3ms)[0m   [0;1mSELECT * FROM "pages" [0m
Rendering template within layouts/application
Rendering pages/index
Rendered layouts/_header (0.1ms)
Completed in 5ms (View: 1, DB: 0) | 200 OK [http://localhost/]


Processing PagesController#index (for 127.0.0.1 at 2010-03-12 16:35:22) [GET]
  [4;35;1mPage Load (0.3ms)[0m   [0mSELECT * FROM "pages" [0m
Rendering template within layouts/application
Rendering pages/index
Rendered layouts/_header (0.1ms)
Completed in 5ms (View: 1, DB: 0) | 200 OK [http://localhost/]


Processing PagesController#index (for 127.0.0.1 at 2010-03-12 16:35:51) [GET]
  [4;36;1mPage Load (0.3ms)[0m   [0;1mSELECT * FROM "pages" [0m
Rendering template within layouts/application
Rendering pages/index
Rendered layouts/_header (0.1ms)
Completed in 6ms (View: 2, DB: 0) | 200 OK [http://localhost/]


Processing PagesController#index (for 127.0.0.1 at 2010-03-12 16:37:31) [GET]
  [4;35;1mPage Load (0.3ms)[0m   [0mSELECT * FROM "pages" [0m
Rendering template within layouts/application
Rendering pages/index
Rendered layouts/_header (0.1ms)
Completed in 8ms (View: 5, DB: 0) | 200 OK [http://localhost/]


Processing PagesController#index (for 127.0.0.1 at 2010-03-12 16:38:03) [GET]
  [4;36;1mPage Load (0.3ms)[0m   [0;1mSELECT * FROM "pages" [0m
Rendering template within layouts/application
Rendering pages/index
Rendered layouts/_header (0.1ms)
Completed in 8ms (View: 4, DB: 0) | 200 OK [http://localhost/]


Processing PagesController#index (for 127.0.0.1 at 2010-03-12 16:38:17) [GET]
  [4;35;1mPage Load (0.3ms)[0m   [0mSELECT * FROM "pages" [0m
Rendering template within layouts/application
Rendering pages/index
Rendered layouts/_header (0.1ms)
Completed in 5ms (View: 1, DB: 0) | 200 OK [http://localhost/]


Processing PagesController#index (for 127.0.0.1 at 2010-03-12 16:38:29) [GET]
  [4;36;1mPage Load (0.4ms)[0m   [0;1mSELECT * FROM "pages" [0m
Rendering template within layouts/application
Rendering pages/index
Rendered layouts/_header (0.1ms)
Completed in 5ms (View: 1, DB: 0) | 200 OK [http://localhost/]


Processing PagesController#index (for 127.0.0.1 at 2010-03-12 16:38:35) [GET]
  [4;35;1mPage Load (0.3ms)[0m   [0mSELECT * FROM "pages" [0m
Rendering template within layouts/application
Rendering pages/index
Rendered layouts/_header (0.1ms)
Completed in 6ms (View: 1, DB: 0) | 200 OK [http://localhost/]


Processing PagesController#index (for 127.0.0.1 at 2010-03-12 16:39:33) [GET]
  [4;36;1mPage Load (0.3ms)[0m   [0;1mSELECT * FROM "pages" [0m
Rendering template within layouts/application
Rendering pages/index
Rendered layouts/_header (0.1ms)
Completed in 10ms (View: 6, DB: 0) | 200 OK [http://localhost/]


Processing PagesController#index (for 127.0.0.1 at 2010-03-12 16:40:25) [GET]
  [4;35;1mPage Load (0.3ms)[0m   [0mSELECT * FROM "pages" [0m
Rendering template within layouts/application
Rendering pages/index
Rendered layouts/_header (0.1ms)
Completed in 61ms (View: 58, DB: 0) | 200 OK [http://localhost/]


Processing PagesController#index (for 127.0.0.1 at 2010-03-12 16:40:58) [GET]
  [4;36;1mPage Load (0.3ms)[0m   [0;1mSELECT * FROM "pages" [0m
Rendering template within layouts/application
Rendering pages/index
Rendered layouts/_header (0.1ms)
Completed in 8ms (View: 4, DB: 0) | 200 OK [http://localhost/]


Processing PagesController#index (for 127.0.0.1 at 2010-03-12 16:41:11) [GET]
  [4;35;1mPage Load (0.3ms)[0m   [0mSELECT * FROM "pages" [0m
Rendering template within layouts/application
Rendering pages/index
Rendered layouts/_header (0.1ms)
Completed in 5ms (View: 1, DB: 0) | 200 OK [http://localhost/]


Processing PagesController#index (for 127.0.0.1 at 2010-03-12 16:41:33) [GET]
  [4;36;1mPage Load (0.3ms)[0m   [0;1mSELECT * FROM "pages" [0m
Rendering template within layouts/application
Rendering pages/index
Rendered layouts/_header (0.3ms)
Completed in 8ms (View: 4, DB: 0) | 200 OK [http://localhost/]


Processing PagesController#index (for 127.0.0.1 at 2010-03-12 16:41:59) [GET]
  [4;35;1mPage Load (0.3ms)[0m   [0mSELECT * FROM "pages" [0m
Rendering template within layouts/application
Rendering pages/index
Rendered layouts/_header (0.1ms)
Completed in 5ms (View: 1, DB: 0) | 200 OK [http://localhost/]


Processing PagesController#index (for 127.0.0.1 at 2010-03-12 16:42:15) [GET]
  [4;36;1mPage Load (0.3ms)[0m   [0;1mSELECT * FROM "pages" [0m
Rendering template within layouts/application
Rendering pages/index
Rendered layouts/_header (0.1ms)
Completed in 5ms (View: 1, DB: 0) | 200 OK [http://localhost/]


Processing PagesController#index (for 127.0.0.1 at 2010-03-12 16:42:48) [GET]
  [4;35;1mPage Load (0.3ms)[0m   [0mSELECT * FROM "pages" [0m
Rendering template within layouts/application
Rendering pages/index
Rendered layouts/_header (0.1ms)
Completed in 5ms (View: 2, DB: 0) | 200 OK [http://localhost/]


Processing PagesController#index (for 127.0.0.1 at 2010-03-12 16:42:58) [GET]
  [4;36;1mPage Load (0.3ms)[0m   [0;1mSELECT * FROM "pages" [0m
Rendering template within layouts/application
Rendering pages/index
Rendered layouts/_header (0.1ms)
Completed in 5ms (View: 1, DB: 0) | 200 OK [http://localhost/]


Processing PagesController#index (for 127.0.0.1 at 2010-03-12 16:43:04) [GET]
  [4;35;1mPage Load (0.4ms)[0m   [0mSELECT * FROM "pages" [0m
Rendering template within layouts/application
Rendering pages/index
Rendered layouts/_header (0.1ms)
Completed in 5ms (View: 2, DB: 0) | 200 OK [http://localhost/]


Processing PagesController#index (for 127.0.0.1 at 2010-03-12 16:43:39) [GET]
  [4;36;1mPage Load (0.3ms)[0m   [0;1mSELECT * FROM "pages" [0m
Rendering template within layouts/application
Rendering pages/index
Rendered layouts/_header (0.1ms)
Completed in 5ms (View: 1, DB: 0) | 200 OK [http://localhost/]


Processing PagesController#index (for 127.0.0.1 at 2010-03-12 16:43:49) [GET]
  [4;35;1mPage Load (0.3ms)[0m   [0mSELECT * FROM "pages" [0m
Rendering template within layouts/application
Rendering pages/index
Rendered layouts/_header (0.1ms)
Completed in 5ms (View: 1, DB: 0) | 200 OK [http://localhost/]


Processing PagesController#index (for 127.0.0.1 at 2010-03-12 16:43:55) [GET]
  [4;36;1mPage Load (0.3ms)[0m   [0;1mSELECT * FROM "pages" [0m
Rendering template within layouts/application
Rendering pages/index
Rendered layouts/_header (0.1ms)
Completed in 5ms (View: 2, DB: 0) | 200 OK [http://localhost/]


Processing PagesController#index (for 127.0.0.1 at 2010-03-12 16:44:05) [GET]
  [4;35;1mPage Load (0.3ms)[0m   [0mSELECT * FROM "pages" [0m
Rendering template within layouts/application
Rendering pages/index
Rendered layouts/_header (0.1ms)
Completed in 4ms (View: 1, DB: 0) | 200 OK [http://localhost/]


Processing PagesController#index (for 127.0.0.1 at 2010-03-12 16:44:14) [GET]
  [4;36;1mPage Load (0.3ms)[0m   [0;1mSELECT * FROM "pages" [0m
Rendering template within layouts/application
Rendering pages/index
Rendered layouts/_header (0.1ms)
Completed in 59ms (View: 1, DB: 0) | 200 OK [http://localhost/]


Processing PagesController#index (for 127.0.0.1 at 2010-03-12 16:44:35) [GET]
  [4;35;1mPage Load (0.4ms)[0m   [0mSELECT * FROM "pages" [0m
Rendering template within layouts/application
Rendering pages/index
Rendered layouts/_header (0.1ms)
Completed in 5ms (View: 1, DB: 0) | 200 OK [http://localhost/]


Processing PagesController#index (for 127.0.0.1 at 2010-03-12 16:45:16) [GET]
  [4;36;1mPage Load (0.3ms)[0m   [0;1mSELECT * FROM "pages" [0m
Rendering template within layouts/application
Rendering pages/index
Rendered layouts/_header (0.1ms)
Completed in 5ms (View: 1, DB: 0) | 200 OK [http://localhost/]


Processing PagesController#index (for 127.0.0.1 at 2010-03-12 16:45:31) [GET]
  [4;35;1mPage Load (0.3ms)[0m   [0mSELECT * FROM "pages" [0m
Rendering template within layouts/application
Rendering pages/index
Rendered layouts/_header (0.1ms)
Completed in 5ms (View: 1, DB: 0) | 200 OK [http://localhost/]


Processing PagesController#index (for 127.0.0.1 at 2010-03-12 16:45:50) [GET]
  [4;36;1mPage Load (0.3ms)[0m   [0;1mSELECT * FROM "pages" [0m
Rendering template within layouts/application
Rendering pages/index
Rendered layouts/_header (0.1ms)
Completed in 8ms (View: 5, DB: 0) | 200 OK [http://localhost/]


Processing PagesController#index (for 127.0.0.1 at 2010-03-12 16:47:56) [GET]
  [4;35;1mPage Load (0.3ms)[0m   [0mSELECT * FROM "pages" [0m
Rendering template within layouts/application
Rendering pages/index
Rendered layouts/_header (0.1ms)
Completed in 8ms (View: 5, DB: 0) | 200 OK [http://localhost/]


Processing PagesController#index (for 127.0.0.1 at 2010-03-12 16:48:50) [GET]
  [4;36;1mPage Load (0.3ms)[0m   [0;1mSELECT * FROM "pages" [0m
Rendering template within layouts/application
Rendering pages/index
Rendered layouts/_header (0.1ms)
Completed in 64ms (View: 61, DB: 0) | 200 OK [http://localhost/]


Processing PagesController#index (for 127.0.0.1 at 2010-03-12 16:49:27) [GET]
  [4;35;1mPage Load (0.3ms)[0m   [0mSELECT * FROM "pages" [0m
Rendering template within layouts/application
Rendering pages/index
Rendered layouts/_header (0.1ms)
Completed in 8ms (View: 4, DB: 0) | 200 OK [http://localhost/]


Processing PagesController#index (for 127.0.0.1 at 2010-03-12 16:49:43) [GET]
  [4;36;1mPage Load (0.3ms)[0m   [0;1mSELECT * FROM "pages" [0m
Rendering template within layouts/application
Rendering pages/index
Rendered layouts/_header (0.1ms)
Completed in 8ms (View: 4, DB: 0) | 200 OK [http://localhost/]


Processing PagesController#index (for 127.0.0.1 at 2010-03-12 16:49:57) [GET]
  [4;35;1mPage Load (0.3ms)[0m   [0mSELECT * FROM "pages" [0m
Rendering template within layouts/application
Rendering pages/index
Rendered layouts/_header (0.1ms)
Completed in 8ms (View: 5, DB: 0) | 200 OK [http://localhost/]


Processing PagesController#index (for 127.0.0.1 at 2010-03-12 16:50:30) [GET]
  [4;36;1mPage Load (0.3ms)[0m   [0;1mSELECT * FROM "pages" [0m
Rendering template within layouts/application
Rendering pages/index
Rendered layouts/_header (0.1ms)
Completed in 5ms (View: 1, DB: 0) | 200 OK [http://localhost/]


Processing PagesController#index (for 127.0.0.1 at 2010-03-12 16:51:00) [GET]
  [4;35;1mPage Load (0.3ms)[0m   [0mSELECT * FROM "pages" [0m
Rendering template within layouts/application
Rendering pages/index
Rendered layouts/_header (0.1ms)
Completed in 8ms (View: 5, DB: 0) | 200 OK [http://localhost/]


Processing PagesController#index (for 127.0.0.1 at 2010-03-12 16:51:27) [GET]
  [4;36;1mPage Load (0.3ms)[0m   [0;1mSELECT * FROM "pages" [0m
Rendering template within layouts/application
Rendering pages/index
Rendered layouts/_header (0.1ms)
Completed in 5ms (View: 1, DB: 0) | 200 OK [http://localhost/]


Processing PagesController#index (for 127.0.0.1 at 2010-03-12 16:52:23) [GET]
  [4;35;1mPage Load (0.3ms)[0m   [0mSELECT * FROM "pages" [0m
Rendering template within layouts/application
Rendering pages/index
Rendered layouts/_header (0.1ms)
Completed in 5ms (View: 1, DB: 0) | 200 OK [http://localhost/]


Processing PagesController#index (for 127.0.0.1 at 2010-03-12 16:52:58) [GET]
  [4;36;1mPage Load (0.3ms)[0m   [0;1mSELECT * FROM "pages" [0m
Rendering template within layouts/application
Rendering pages/index
Rendered layouts/_header (0.1ms)
Completed in 5ms (View: 1, DB: 0) | 200 OK [http://localhost/]


Processing PagesController#index (for 127.0.0.1 at 2010-03-12 16:53:16) [GET]
  [4;35;1mPage Load (0.3ms)[0m   [0mSELECT * FROM "pages" [0m
Rendering template within layouts/application
Rendering pages/index
Rendered layouts/_header (0.1ms)
Completed in 8ms (View: 4, DB: 0) | 200 OK [http://localhost/]


Processing PagesController#index (for 127.0.0.1 at 2010-03-12 16:53:22) [GET]
  [4;36;1mPage Load (0.3ms)[0m   [0;1mSELECT * FROM "pages" [0m
Rendering template within layouts/application
Rendering pages/index
Rendered layouts/_header (0.1ms)
Completed in 8ms (View: 4, DB: 0) | 200 OK [http://localhost/]


Processing PagesController#index (for 127.0.0.1 at 2010-03-12 16:53:34) [GET]
  [4;35;1mPage Load (0.3ms)[0m   [0mSELECT * FROM "pages" [0m
Rendering template within layouts/application
Rendering pages/index
Rendered layouts/_header (0.1ms)
Completed in 8ms (View: 5, DB: 0) | 200 OK [http://localhost/]


Processing PagesController#index (for 127.0.0.1 at 2010-03-12 16:54:11) [GET]
  [4;36;1mPage Load (0.3ms)[0m   [0;1mSELECT * FROM "pages" [0m
Rendering template within layouts/application
Rendering pages/index
Rendered layouts/_header (0.1ms)
Completed in 5ms (View: 1, DB: 0) | 200 OK [http://localhost/]


Processing PagesController#index (for 127.0.0.1 at 2010-03-12 16:54:23) [GET]
  [4;35;1mPage Load (0.3ms)[0m   [0mSELECT * FROM "pages" [0m
Rendering template within layouts/application
Rendering pages/index
Rendered layouts/_header (0.1ms)
Completed in 5ms (View: 2, DB: 0) | 200 OK [http://localhost/]


Processing PagesController#index (for 127.0.0.1 at 2010-03-12 16:54:29) [GET]
  [4;36;1mPage Load (0.3ms)[0m   [0;1mSELECT * FROM "pages" [0m
Rendering template within layouts/application
Rendering pages/index
Rendered layouts/_header (0.1ms)
Completed in 4ms (View: 1, DB: 0) | 200 OK [http://localhost/]


Processing PagesController#index (for 127.0.0.1 at 2010-03-12 16:54:32) [GET]
  [4;35;1mPage Load (0.3ms)[0m   [0mSELECT * FROM "pages" [0m
Rendering template within layouts/application
Rendering pages/index
Rendered layouts/_header (0.1ms)
Completed in 5ms (View: 1, DB: 0) | 200 OK [http://localhost/]


Processing PagesController#index (for 127.0.0.1 at 2010-03-12 16:54:49) [GET]
  [4;36;1mPage Load (0.3ms)[0m   [0;1mSELECT * FROM "pages" [0m
Rendering template within layouts/application
Rendering pages/index
Rendered layouts/_header (0.1ms)
Completed in 5ms (View: 1, DB: 0) | 200 OK [http://localhost/]


Processing PagesController#index (for 127.0.0.1 at 2010-03-12 16:55:10) [GET]
  [4;35;1mPage Load (0.3ms)[0m   [0mSELECT * FROM "pages" [0m
Rendering template within layouts/application
Rendering pages/index
Rendered layouts/_header (0.1ms)
Completed in 5ms (View: 2, DB: 0) | 200 OK [http://localhost/]


Processing PagesController#index (for 127.0.0.1 at 2010-03-12 16:55:26) [GET]
  [4;36;1mPage Load (0.3ms)[0m   [0;1mSELECT * FROM "pages" [0m
Rendering template within layouts/application
Rendering pages/index
Rendered layouts/_header (0.1ms)
Completed in 57ms (View: 1, DB: 0) | 200 OK [http://localhost/]


Processing PagesController#index (for 127.0.0.1 at 2010-03-12 16:55:47) [GET]
  [4;35;1mPage Load (0.3ms)[0m   [0mSELECT * FROM "pages" [0m
Rendering template within layouts/application
Rendering pages/index
Rendered layouts/_header (0.1ms)
Completed in 5ms (View: 1, DB: 0) | 200 OK [http://localhost/]


Processing PagesController#index (for 127.0.0.1 at 2010-03-12 16:57:34) [GET]
  [4;36;1mPage Load (0.3ms)[0m   [0;1mSELECT * FROM "pages" [0m
Rendering template within layouts/application
Rendering pages/index
Rendered layouts/_header (0.1ms)
Completed in 8ms (View: 5, DB: 0) | 200 OK [http://localhost/]


Processing PagesController#index (for 127.0.0.1 at 2010-03-12 16:57:48) [GET]
  [4;35;1mPage Load (0.3ms)[0m   [0mSELECT * FROM "pages" [0m
Rendering template within layouts/application
Rendering pages/index
Rendered layouts/_header (0.1ms)
Completed in 8ms (View: 5, DB: 0) | 200 OK [http://localhost/]


Processing PagesController#index (for 127.0.0.1 at 2010-03-12 16:57:54) [GET]
  [4;36;1mPage Load (0.3ms)[0m   [0;1mSELECT * FROM "pages" [0m
Rendering template within layouts/application
Rendering pages/index
Rendered layouts/_header (0.1ms)
Completed in 8ms (View: 4, DB: 0) | 200 OK [http://localhost/]


Processing PagesController#index (for 127.0.0.1 at 2010-03-12 16:58:19) [GET]
  [4;35;1mPage Load (0.3ms)[0m   [0mSELECT * FROM "pages" [0m
Rendering template within layouts/application
Rendering pages/index
Rendered layouts/_header (0.1ms)
Completed in 8ms (View: 4, DB: 0) | 200 OK [http://localhost/]


Processing PagesController#index (for 127.0.0.1 at 2010-03-12 16:59:19) [GET]
  [4;36;1mPage Load (0.3ms)[0m   [0;1mSELECT * FROM "pages" [0m
Rendering template within layouts/application
Rendering pages/index
Rendered layouts/_header (0.1ms)
Completed in 5ms (View: 1, DB: 0) | 200 OK [http://localhost/]


Processing PagesController#index (for 127.0.0.1 at 2010-03-12 17:00:28) [GET]
  [4;35;1mPage Load (0.3ms)[0m   [0mSELECT * FROM "pages" [0m
Rendering template within layouts/application
Rendering pages/index
Rendered layouts/_header (0.1ms)
Completed in 8ms (View: 5, DB: 0) | 200 OK [http://localhost/]


Processing PagesController#index (for 127.0.0.1 at 2010-03-12 17:00:59) [GET]
  [4;36;1mPage Load (0.3ms)[0m   [0;1mSELECT * FROM "pages" [0m
Rendering template within layouts/application
Rendering pages/index
Rendered layouts/_header (0.1ms)
Completed in 8ms (View: 5, DB: 0) | 200 OK [http://localhost/]


Processing PagesController#index (for 127.0.0.1 at 2010-03-12 17:01:08) [GET]
  [4;35;1mPage Load (0.4ms)[0m   [0mSELECT * FROM "pages" [0m
Rendering template within layouts/application
Rendering pages/index
Rendered layouts/_header (0.1ms)
Completed in 5ms (View: 1, DB: 0) | 200 OK [http://localhost/]


Processing PagesController#index (for 127.0.0.1 at 2010-03-12 17:01:26) [GET]
  [4;36;1mPage Load (0.3ms)[0m   [0;1mSELECT * FROM "pages" [0m
Rendering template within layouts/application
Rendering pages/index
Rendered layouts/_header (0.1ms)
Completed in 8ms (View: 5, DB: 0) | 200 OK [http://localhost/]


Processing PagesController#index (for 127.0.0.1 at 2010-03-12 17:02:15) [GET]
  [4;35;1mPage Load (0.3ms)[0m   [0mSELECT * FROM "pages" [0m
Rendering template within layouts/application
Rendering pages/index
Rendered layouts/_header (0.1ms)
Completed in 63ms (View: 60, DB: 0) | 200 OK [http://localhost/]


Processing PagesController#index (for 127.0.0.1 at 2010-03-12 17:02:57) [GET]
  [4;36;1mPage Load (0.3ms)[0m   [0;1mSELECT * FROM "pages" [0m
Rendering template within layouts/application
Rendering pages/index
Rendered layouts/_header (0.1ms)
Completed in 5ms (View: 1, DB: 0) | 200 OK [http://localhost/]


Processing PagesController#index (for 127.0.0.1 at 2010-03-12 17:03:29) [GET]
  [4;35;1mPage Load (0.3ms)[0m   [0mSELECT * FROM "pages" [0m
Rendering template within layouts/application
Rendering pages/index
Rendered layouts/_header (0.1ms)
Completed in 8ms (View: 5, DB: 0) | 200 OK [http://localhost/]


Processing PagesController#index (for 127.0.0.1 at 2010-03-12 17:03:52) [GET]
  [4;36;1mPage Load (0.5ms)[0m   [0;1mSELECT * FROM "pages" [0m
Rendering template within layouts/application
Rendering pages/index
Rendered layouts/_header (0.1ms)
Completed in 9ms (View: 6, DB: 0) | 200 OK [http://localhost/]


Processing PagesController#index (for 127.0.0.1 at 2010-03-12 17:04:41) [GET]
  [4;35;1mPage Load (0.3ms)[0m   [0mSELECT * FROM "pages" [0m
Rendering template within layouts/application
Rendering pages/index
Rendered layouts/_header (0.1ms)
Completed in 8ms (View: 4, DB: 0) | 200 OK [http://localhost/]


Processing PagesController#index (for 127.0.0.1 at 2010-03-12 17:05:32) [GET]
  [4;36;1mPage Load (0.3ms)[0m   [0;1mSELECT * FROM "pages" [0m
Rendering template within layouts/application
Rendering pages/index
Rendered layouts/_header (0.1ms)
Completed in 4ms (View: 1, DB: 0) | 200 OK [http://localhost/]


Processing PagesController#index (for 127.0.0.1 at 2010-03-12 17:05:45) [GET]
  [4;35;1mPage Load (0.3ms)[0m   [0mSELECT * FROM "pages" [0m
Rendering template within layouts/application
Rendering pages/index
Rendered layouts/_header (0.1ms)
Completed in 4ms (View: 1, DB: 0) | 200 OK [http://localhost/]
  [4;36;1mSQL (0.6ms)[0m   [0;1m SELECT name
 FROM sqlite_master
 WHERE type = 'table' AND NOT name = 'sqlite_sequence'
[0m
  [4;35;1mSQL (0.2ms)[0m   [0mSELECT version FROM schema_migrations[0m
Migrating to CreatePages (20100312212325)
  [4;36;1mSQL (0.4ms)[0m   [0;1mselect sqlite_version(*)[0m
  [4;35;1mSQL (0.3ms)[0m   [0m SELECT name
 FROM sqlite_master
 WHERE type = 'table' AND NOT name = 'sqlite_sequence'
[0m
  [4;36;1mSQL (0.2ms)[0m   [0;1mSELECT version FROM schema_migrations[0m
  [4;35;1mSQL (0.3ms)[0m   [0m SELECT name
 FROM sqlite_master
 WHERE type = 'table' AND NOT name = 'sqlite_sequence'
[0m
  [4;36;1mSQL (0.1ms)[0m   [0;1mPRAGMA index_list("pages")[0m


Processing PagesController#index (for 127.0.0.1 at 2010-03-12 17:51:23) [GET]
  [4;36;1mPage Load (0.5ms)[0m   [0;1mSELECT * FROM "pages" [0m
Rendering template within layouts/application
Rendering pages/index
Rendered layouts/_header (55.4ms)
Completed in 2726ms (View: 2036, DB: 0) | 200 OK [http://localhost/]


Processing PagesController#index (for 127.0.0.1 at 2010-03-12 17:52:25) [GET]
  [4;35;1mPage Load (0.8ms)[0m   [0mSELECT * FROM "pages" [0m
Rendering template within layouts/application
Rendering pages/index
Rendered layouts/_header (725.0ms)
Completed in 950ms (View: 938, DB: 1) | 200 OK [http://localhost/?]
  [4;36;1mSQL (0.6ms)[0m   [0;1m SELECT name
 FROM sqlite_master
 WHERE type = 'table' AND NOT name = 'sqlite_sequence'
[0m
  [4;35;1mSQL (0.2ms)[0m   [0mSELECT version FROM schema_migrations[0m
  [4;36;1mSQL (0.3ms)[0m   [0;1m SELECT name
 FROM sqlite_master
 WHERE type = 'table' AND NOT name = 'sqlite_sequence'
[0m
  [4;35;1mSQL (0.2ms)[0m   [0mSELECT version FROM schema_migrations[0m
Migrating to CreatePages (20100312212325)
  [4;36;1mSQL (0.2ms)[0m   [0;1mselect sqlite_version(*)[0m
  [4;35;1mSQL (54.9ms)[0m   [0mDROP TABLE "pages"[0m
  [4;36;1mSQL (0.2ms)[0m   [0;1mDELETE FROM schema_migrations WHERE version = '20100312212325'[0m
  [4;35;1mSQL (0.4ms)[0m   [0m SELECT name
 FROM sqlite_master
 WHERE type = 'table' AND NOT name = 'sqlite_sequence'
[0m
  [4;36;1mSQL (0.1ms)[0m   [0;1mSELECT version FROM schema_migrations[0m
  [4;35;1mSQL (0.2ms)[0m   [0m SELECT name
 FROM sqlite_master
 WHERE type = 'table' AND NOT name = 'sqlite_sequence'
[0m
  [4;36;1mSQL (0.5ms)[0m   [0;1m SELECT name
 FROM sqlite_master
 WHERE type = 'table' AND NOT name = 'sqlite_sequence'
[0m
  [4;35;1mSQL (0.1ms)[0m   [0mSELECT version FROM schema_migrations[0m
Migrating to CreatePurchases (20100315010705)
  [4;36;1mSQL (0.2ms)[0m   [0;1mselect sqlite_version(*)[0m
  [4;35;1mSQL (0.5ms)[0m   [0mCREATE TABLE "purchases" ("id" INTEGER PRIMARY KEY AUTOINCREMENT NOT NULL, "email" varchar(255), "buy" boolean, "why" text, "zip" integer(5), "created_at" datetime, "updated_at" datetime) [0m
  [4;36;1mSQL (0.2ms)[0m   [0;1mINSERT INTO schema_migrations (version) VALUES ('20100315010705')[0m
  [4;35;1mSQL (0.4ms)[0m   [0m SELECT name
 FROM sqlite_master
 WHERE type = 'table' AND NOT name = 'sqlite_sequence'
[0m
  [4;36;1mSQL (0.2ms)[0m   [0;1mSELECT version FROM schema_migrations[0m
  [4;35;1mSQL (0.3ms)[0m   [0m SELECT name
 FROM sqlite_master
 WHERE type = 'table' AND NOT name = 'sqlite_sequence'
[0m
  [4;36;1mSQL (0.1ms)[0m   [0;1mPRAGMA index_list("purchases")[0m


Processing PagesController#index (for 127.0.0.1 at 2010-03-14 23:33:43) [GET]
Rendering template within layouts/application
Rendering pages/index
Rendered layouts/_header (0.2ms)
Completed in 57ms (View: 52, DB: 0) | 200 OK [http://localhost/?]


Processing PagesController#index (for 127.0.0.1 at 2010-03-15 00:00:56) [GET]
Rendering template within layouts/application
Rendering pages/index
Rendered layouts/_header (23.9ms)
Completed in 163ms (View: 72, DB: 0) | 200 OK [http://localhost/?]


Processing PagesController#index (for 127.0.0.1 at 2010-03-15 00:01:20) [GET]
Rendering template within layouts/application
Rendering pages/index
Rendered layouts/_header (0.2ms)
Completed in 20ms (View: 10, DB: 0) | 200 OK [http://localhost/?]


Processing PagesController#index (for 127.0.0.1 at 2010-03-15 00:03:12) [GET]
Rendering template within layouts/application
Rendering pages/index
Rendered layouts/_header (0.2ms)
Completed in 24ms (View: 12, DB: 0) | 200 OK [http://localhost/?]


Processing PagesController#index (for 127.0.0.1 at 2010-03-15 00:09:26) [GET]
Rendering template within layouts/application
Rendering pages/index
Rendered layouts/_header (0.1ms)
Completed in 376ms (View: 366, DB: 0) | 200 OK [http://localhost/?]


Processing PagesController#index (for 127.0.0.1 at 2010-03-15 00:09:52) [GET]
Rendering template within layouts/application
Rendering pages/index
Rendered layouts/_header (0.2ms)
Completed in 102ms (View: 92, DB: 0) | 200 OK [http://localhost/?]


Processing PagesController#index (for 127.0.0.1 at 2010-03-15 00:11:00) [GET]
Rendering template within layouts/application
Rendering pages/index
Rendered layouts/_header (0.1ms)
Completed in 34ms (View: 22, DB: 0) | 200 OK [http://localhost/?]


Processing ApplicationController#create (for 127.0.0.1 at 2010-03-15 00:11:17) [POST]
  Parameters: {"commit"=>"Submit", "purchase"=>{"zip"=>"", "buy"=>"yes", "why"=>" Because I'm sexy!", "email"=>"john@meticulous.com"}, "authenticity_token"=>"Hcf09tKEVnW/+/wQ5l6GgJQcK3QFe6eQefuVKPDiFfU="}

NameError (uninitialized constant PurchasesController):
  /usr/local/lib/ruby/1.8/webrick/httpserver.rb:104:in `service'
  /usr/local/lib/ruby/1.8/webrick/httpserver.rb:65:in `run'
  /usr/local/lib/ruby/1.8/webrick/server.rb:173:in `start_thread'
  /usr/local/lib/ruby/1.8/webrick/server.rb:162:in `start'
  /usr/local/lib/ruby/1.8/webrick/server.rb:162:in `start_thread'
  /usr/local/lib/ruby/1.8/webrick/server.rb:95:in `start'
  /usr/local/lib/ruby/1.8/webrick/server.rb:92:in `each'
  /usr/local/lib/ruby/1.8/webrick/server.rb:92:in `start'
  /usr/local/lib/ruby/1.8/webrick/server.rb:23:in `start'
  /usr/local/lib/ruby/1.8/webrick/server.rb:82:in `start'

Rendered rescues/_trace (49.5ms)
Rendered rescues/_request_and_response (23.8ms)
Rendering rescues/layout (internal_server_error)


Processing PagesController#index (for 127.0.0.1 at 2010-03-15 00:12:15) [GET]
Rendering template within layouts/application
Rendering pages/index
Rendered layouts/_header (0.1ms)
Completed in 27ms (View: 15, DB: 0) | 200 OK [http://localhost/?]


Processing PurchasesController#create (for 127.0.0.1 at 2010-03-15 00:12:16) [POST]
  Parameters: {"commit"=>"Submit", "purchase"=>{"zip"=>"", "why"=>"", "email"=>""}, "authenticity_token"=>"Hcf09tKEVnW/+/wQ5l6GgJQcK3QFe6eQefuVKPDiFfU="}

ActionView::MissingTemplate (Missing template purchases/new.erb in view path app/views):
  app/controllers/purchases_controller.rb:11:in `create'
  app/controllers/purchases_controller.rb:5:in `create'
  /usr/local/lib/ruby/1.8/webrick/httpserver.rb:104:in `service'
  /usr/local/lib/ruby/1.8/webrick/httpserver.rb:65:in `run'
  /usr/local/lib/ruby/1.8/webrick/server.rb:173:in `start_thread'
  /usr/local/lib/ruby/1.8/webrick/server.rb:162:in `start'
  /usr/local/lib/ruby/1.8/webrick/server.rb:162:in `start_thread'
  /usr/local/lib/ruby/1.8/webrick/server.rb:95:in `start'
  /usr/local/lib/ruby/1.8/webrick/server.rb:92:in `each'
  /usr/local/lib/ruby/1.8/webrick/server.rb:92:in `start'
  /usr/local/lib/ruby/1.8/webrick/server.rb:23:in `start'
  /usr/local/lib/ruby/1.8/webrick/server.rb:82:in `start'

Rendering rescues/layout (internal_server_error)


Processing PagesController#index (for 127.0.0.1 at 2010-03-15 00:12:25) [GET]
Rendering template within layouts/application
Rendering pages/index
Rendered layouts/_header (0.3ms)
Completed in 28ms (View: 16, DB: 0) | 200 OK [http://localhost/?]


Processing PurchasesController#create (for 127.0.0.1 at 2010-03-15 00:12:27) [POST]
  Parameters: {"commit"=>"Submit", "purchase"=>{"zip"=>"", "why"=>"", "email"=>""}, "authenticity_token"=>"Hcf09tKEVnW/+/wQ5l6GgJQcK3QFe6eQefuVKPDiFfU="}

ActionView::MissingTemplate (Missing template purchases/new.erb in view path app/views):
  app/controllers/purchases_controller.rb:11:in `create'
  app/controllers/purchases_controller.rb:5:in `create'
  /usr/local/lib/ruby/1.8/webrick/httpserver.rb:104:in `service'
  /usr/local/lib/ruby/1.8/webrick/httpserver.rb:65:in `run'
  /usr/local/lib/ruby/1.8/webrick/server.rb:173:in `start_thread'
  /usr/local/lib/ruby/1.8/webrick/server.rb:162:in `start'
  /usr/local/lib/ruby/1.8/webrick/server.rb:162:in `start_thread'
  /usr/local/lib/ruby/1.8/webrick/server.rb:95:in `start'
  /usr/local/lib/ruby/1.8/webrick/server.rb:92:in `each'
  /usr/local/lib/ruby/1.8/webrick/server.rb:92:in `start'
  /usr/local/lib/ruby/1.8/webrick/server.rb:23:in `start'
  /usr/local/lib/ruby/1.8/webrick/server.rb:82:in `start'

Rendering rescues/layout (internal_server_error)


Processing PagesController#index (for 127.0.0.1 at 2010-03-15 17:36:51) [GET]
Rendering template within layouts/application
Rendering pages/index
Rendered layouts/_header (0.1ms)
Completed in 48ms (View: 17, DB: 0) | 200 OK [http://localhost/]


Processing PurchasesController#create (for 127.0.0.1 at 2010-03-15 17:37:04) [POST]
  Parameters: {"commit"=>"Submit", "purchase"=>{"zip"=>"20175", "buy"=>"no", "why"=>"oto much!", "email"=>"bobo@meticulous.com"}, "authenticity_token"=>"Hcf09tKEVnW/+/wQ5l6GgJQcK3QFe6eQefuVKPDiFfU="}

ActionView::MissingTemplate (Missing template purchases/new.erb in view path app/views):
  app/controllers/purchases_controller.rb:11:in `create'
  app/controllers/purchases_controller.rb:5:in `create'
  /usr/local/lib/ruby/1.8/webrick/httpserver.rb:104:in `service'
  /usr/local/lib/ruby/1.8/webrick/httpserver.rb:65:in `run'
  /usr/local/lib/ruby/1.8/webrick/server.rb:173:in `start_thread'
  /usr/local/lib/ruby/1.8/webrick/server.rb:162:in `start'
  /usr/local/lib/ruby/1.8/webrick/server.rb:162:in `start_thread'
  /usr/local/lib/ruby/1.8/webrick/server.rb:95:in `start'
  /usr/local/lib/ruby/1.8/webrick/server.rb:92:in `each'
  /usr/local/lib/ruby/1.8/webrick/server.rb:92:in `start'
  /usr/local/lib/ruby/1.8/webrick/server.rb:23:in `start'
  /usr/local/lib/ruby/1.8/webrick/server.rb:82:in `start'

Rendering rescues/layout (internal_server_error)


Processing PagesController#index (for 127.0.0.1 at 2010-03-15 17:39:15) [GET]
Rendering template within layouts/application
Rendering pages/index
Rendered layouts/_header (0.2ms)
Completed in 140ms (View: 45, DB: 0) | 200 OK [http://localhost/]


Processing PurchasesController#create (for 127.0.0.1 at 2010-03-15 17:39:24) [POST]
  Parameters: {"commit"=>"Submit", "purchase"=>{"zip"=>"12345", "buy"=>"yes", "why"=>"I LOVE IT", "email"=>"athayde@gmail.com"}, "authenticity_token"=>"Hcf09tKEVnW/+/wQ5l6GgJQcK3QFe6eQefuVKPDiFfU="}
Redirected to http://localhost:3002/pages

NoMethodError (undefined method `call' for nil:NilClass):
  app/controllers/purchases_controller.rb:5:in `create'
  /usr/local/lib/ruby/1.8/webrick/httpserver.rb:104:in `service'
  /usr/local/lib/ruby/1.8/webrick/httpserver.rb:65:in `run'
  /usr/local/lib/ruby/1.8/webrick/server.rb:173:in `start_thread'
  /usr/local/lib/ruby/1.8/webrick/server.rb:162:in `start'
  /usr/local/lib/ruby/1.8/webrick/server.rb:162:in `start_thread'
  /usr/local/lib/ruby/1.8/webrick/server.rb:95:in `start'
  /usr/local/lib/ruby/1.8/webrick/server.rb:92:in `each'
  /usr/local/lib/ruby/1.8/webrick/server.rb:92:in `start'
  /usr/local/lib/ruby/1.8/webrick/server.rb:23:in `start'
  /usr/local/lib/ruby/1.8/webrick/server.rb:82:in `start'

Rendered rescues/_trace (134.0ms)
Rendered rescues/_request_and_response (0.7ms)
Rendering rescues/layout (internal_server_error)


Processing PurchasesController#create (for 127.0.0.1 at 2010-03-15 17:39:58) [POST]
  Parameters: {"commit"=>"Submit", "purchase"=>{"zip"=>"12345", "buy"=>"yes", "why"=>"I LOVE IT", "email"=>"athayde@gmail.com"}, "authenticity_token"=>"Hcf09tKEVnW/+/wQ5l6GgJQcK3QFe6eQefuVKPDiFfU="}
Redirected to http://localhost:3002/pages
Completed in 15ms (DB: 0) | 302 Found [http://localhost/purchases]


Processing PagesController#index (for 127.0.0.1 at 2010-03-15 17:39:59) [GET]
Rendering template within layouts/application
Rendering pages/index
Rendered layouts/_header (0.1ms)
Completed in 25ms (View: 15, DB: 0) | 200 OK [http://localhost/pages]


Processing PagesController#index (for 127.0.0.1 at 2010-03-15 17:40:40) [GET]
Rendering template within layouts/application
Rendering pages/index
Rendered layouts/_header (0.1ms)

ActionView::TemplateError (undefined local variable or method `render_flash_messages' for #<ActionView::Base:0x104162470>) on line #20 of app/views/layouts/application.html.erb:
17:   
18:   <div class="container">
19:     <section>
20:     <%= render_flash_messages %>
21:     
22:     <%= yield %>
23:     </section>

    app/views/layouts/application.html.erb:20
    /usr/local/lib/ruby/1.8/webrick/httpserver.rb:104:in `service'
    /usr/local/lib/ruby/1.8/webrick/httpserver.rb:65:in `run'
    /usr/local/lib/ruby/1.8/webrick/server.rb:173:in `start_thread'
    /usr/local/lib/ruby/1.8/webrick/server.rb:162:in `start'
    /usr/local/lib/ruby/1.8/webrick/server.rb:162:in `start_thread'
    /usr/local/lib/ruby/1.8/webrick/server.rb:95:in `start'
    /usr/local/lib/ruby/1.8/webrick/server.rb:92:in `each'
    /usr/local/lib/ruby/1.8/webrick/server.rb:92:in `start'
    /usr/local/lib/ruby/1.8/webrick/server.rb:23:in `start'
    /usr/local/lib/ruby/1.8/webrick/server.rb:82:in `start'

Rendered rescues/_trace (69.1ms)
Rendered rescues/_request_and_response (0.4ms)
Rendering rescues/layout (internal_server_error)


Processing PagesController#index (for 127.0.0.1 at 2010-03-15 17:40:47) [GET]
Rendering template within layouts/application
Rendering pages/index
Rendered layouts/_header (0.1ms)
Completed in 32ms (View: 22, DB: 0) | 200 OK [http://localhost/pages]


Processing PagesController#index (for 127.0.0.1 at 2010-03-16 13:01:52) [GET]
Rendering template within layouts/application
Rendering pages/index
Rendered layouts/_header (0.3ms)
Completed in 1064ms (View: 680, DB: 0) | 200 OK [http://localhost/]


Processing ApplicationController#index (for 127.0.0.1 at 2010-03-16 13:01:57) [GET]

ActionController::RoutingError (No route matches "/images/icon_close_24.png" with {:method=>:get}):
  /usr/local/lib/ruby/1.8/webrick/httpserver.rb:104:in `service'
  /usr/local/lib/ruby/1.8/webrick/httpserver.rb:65:in `run'
  /usr/local/lib/ruby/1.8/webrick/server.rb:173:in `start_thread'
  /usr/local/lib/ruby/1.8/webrick/server.rb:162:in `start'
  /usr/local/lib/ruby/1.8/webrick/server.rb:162:in `start_thread'
  /usr/local/lib/ruby/1.8/webrick/server.rb:95:in `start'
  /usr/local/lib/ruby/1.8/webrick/server.rb:92:in `each'
  /usr/local/lib/ruby/1.8/webrick/server.rb:92:in `start'
  /usr/local/lib/ruby/1.8/webrick/server.rb:23:in `start'
  /usr/local/lib/ruby/1.8/webrick/server.rb:82:in `start'

Rendering rescues/layout (not_found)


Processing PagesController#index (for 127.0.0.1 at 2010-03-16 13:08:05) [GET]
Rendering template within layouts/application
Rendering pages/index
Rendered layouts/_header (44.6ms)
Completed in 324ms (View: 195, DB: 0) | 200 OK [http://localhost/]


Processing PagesController#index (for 127.0.0.1 at 2010-03-16 13:23:44) [GET]
Rendering template within layouts/application
Rendering pages/index
Rendered layouts/_header (27.2ms)
Completed in 520ms (View: 337, DB: 0) | 200 OK [http://localhost/]


Processing PagesController#index (for 127.0.0.1 at 2010-03-16 13:24:19) [GET]
Rendering template within layouts/application
Rendering pages/index
Rendered layouts/_header (0.1ms)
Completed in 54ms (View: 19, DB: 0) | 200 OK [http://localhost/]


Processing PagesController#index (for 127.0.0.1 at 2010-03-16 13:25:50) [GET]
Rendering template within layouts/application
Rendering pages/index
Rendered layouts/_header (0.2ms)
Completed in 76ms (View: 61, DB: 0) | 200 OK [http://localhost/]


Processing PagesController#index (for 127.0.0.1 at 2010-03-16 13:27:30) [GET]
Rendering template within layouts/application
Rendering pages/index
Rendered layouts/_header (0.2ms)
Completed in 46ms (View: 31, DB: 0) | 200 OK [http://localhost/]


Processing PagesController#index (for 127.0.0.1 at 2010-03-16 13:28:08) [GET]
Rendering template within layouts/application
Rendering pages/index
Rendered layouts/_header (0.1ms)
Completed in 141ms (View: 129, DB: 0) | 200 OK [http://localhost/]


Processing PagesController#index (for 127.0.0.1 at 2010-03-16 13:28:44) [GET]
Rendering template within layouts/application
Rendering pages/index
Rendered layouts/_header (0.1ms)
Completed in 140ms (View: 125, DB: 0) | 200 OK [http://localhost/]


Processing PurchasesController#create (for 127.0.0.1 at 2010-03-16 13:28:57) [POST]
  Parameters: {"commit"=>"Submit", "purchase"=>{"zip"=>"20175", "buy"=>"yes", "why"=>"I like the move it move it", "email"=>"athayde@gmail.com"}, "authenticity_token"=>"Hcf09tKEVnW/+/wQ5l6GgJQcK3QFe6eQefuVKPDiFfU="}
Redirected to http://localhost:3002/pages
Completed in 211ms (DB: 0) | 302 Found [http://localhost/purchases]


Processing PagesController#index (for 127.0.0.1 at 2010-03-16 13:28:58) [GET]
Rendering template within layouts/application
Rendering pages/index
Rendered layouts/_header (0.1ms)
Completed in 33ms (View: 22, DB: 0) | 200 OK [http://localhost/pages]


Processing ApplicationController#index (for 127.0.0.1 at 2010-03-16 13:28:58) [GET]

ActionController::RoutingError (No route matches "/images/icon_close_24.png" with {:method=>:get}):
  /usr/local/lib/ruby/1.8/webrick/httpserver.rb:104:in `service'
  /usr/local/lib/ruby/1.8/webrick/httpserver.rb:65:in `run'
  /usr/local/lib/ruby/1.8/webrick/server.rb:173:in `start_thread'
  /usr/local/lib/ruby/1.8/webrick/server.rb:162:in `start'
  /usr/local/lib/ruby/1.8/webrick/server.rb:162:in `start_thread'
  /usr/local/lib/ruby/1.8/webrick/server.rb:95:in `start'
  /usr/local/lib/ruby/1.8/webrick/server.rb:92:in `each'
  /usr/local/lib/ruby/1.8/webrick/server.rb:92:in `start'
  /usr/local/lib/ruby/1.8/webrick/server.rb:23:in `start'
  /usr/local/lib/ruby/1.8/webrick/server.rb:82:in `start'

Rendering rescues/layout (not_found)
  [4;36;1mPurchase Load (17.8ms)[0m   [0;1mSELECT "purchases".id FROM "purchases" WHERE ("purchases"."email" = 'john@infoether.com') LIMIT 1[0m
  [4;35;1mPurchase Create (0.8ms)[0m   [0mINSERT INTO "purchases" ("zip", "created_at", "updated_at", "id", "buy", "why", "email") VALUES(20175, '2010-03-17 14:00:29', '2010-03-17 14:00:29', 1, 't', 'sexy time', 'john@infoether.com')[0m
  [4;36;1mPurchase Load (0.7ms)[0m   [0;1mSELECT * FROM "purchases" [0m


Processing PagesController#index (for 127.0.0.1 at 2010-03-17 10:03:15) [GET]
Rendering template within layouts/application
Rendering pages/index
Rendered layouts/_header (0.1ms)
Completed in 196ms (View: 185, DB: 0) | 200 OK [http://localhost/]


Processing PurchasesController#create (for 127.0.0.1 at 2010-03-17 10:03:27) [POST]
  Parameters: {"commit"=>"Submit", "purchase"=>{"zip"=>"21579", "buy"=>"yes", "why"=>"uh huh", "email"=>"athayde@gmail.com"}, "authenticity_token"=>"Hcf09tKEVnW/+/wQ5l6GgJQcK3QFe6eQefuVKPDiFfU="}
  [4;36;1mPurchase Load (19.7ms)[0m   [0;1mSELECT "purchases".id FROM "purchases" WHERE ("purchases"."email" = 'athayde@gmail.com') LIMIT 1[0m
Redirected to http://localhost:3002/
Completed in 59ms (DB: 20) | 302 Found [http://localhost/purchases]


Processing PagesController#index (for 127.0.0.1 at 2010-03-17 10:03:27) [GET]
Rendering template within layouts/application
Rendering pages/index
Rendered layouts/_header (0.1ms)
Completed in 29ms (View: 17, DB: 0) | 200 OK [http://localhost/]


Processing ApplicationController#index (for 127.0.0.1 at 2010-03-17 10:03:28) [GET]

ActionController::RoutingError (No route matches "/images/icon_close_24.png" with {:method=>:get}):
  /usr/local/lib/ruby/1.8/webrick/httpserver.rb:104:in `service'
  /usr/local/lib/ruby/1.8/webrick/httpserver.rb:65:in `run'
  /usr/local/lib/ruby/1.8/webrick/server.rb:173:in `start_thread'
  /usr/local/lib/ruby/1.8/webrick/server.rb:162:in `start'
  /usr/local/lib/ruby/1.8/webrick/server.rb:162:in `start_thread'
  /usr/local/lib/ruby/1.8/webrick/server.rb:95:in `start'
  /usr/local/lib/ruby/1.8/webrick/server.rb:92:in `each'
  /usr/local/lib/ruby/1.8/webrick/server.rb:92:in `start'
  /usr/local/lib/ruby/1.8/webrick/server.rb:23:in `start'
  /usr/local/lib/ruby/1.8/webrick/server.rb:82:in `start'

Rendering rescues/layout (not_found)


Processing PurchasesController#create (for 127.0.0.1 at 2010-03-17 10:04:06) [POST]
  Parameters: {"commit"=>"Submit", "purchase"=>{"zip"=>"12345", "buy"=>"yes", "why"=>"Test", "email"=>"bobo@meticulous.com"}, "authenticity_token"=>"Hcf09tKEVnW/+/wQ5l6GgJQcK3QFe6eQefuVKPDiFfU="}
  [4;36;1mPurchase Load (0.3ms)[0m   [0;1mSELECT "purchases".id FROM "purchases" WHERE ("purchases"."email" = 'bobo@meticulous.com') LIMIT 1[0m
Redirected to http://localhost:3002/
Completed in 36ms (DB: 0) | 302 Found [http://localhost/purchases]


Processing PagesController#index (for 127.0.0.1 at 2010-03-17 10:04:06) [GET]
Rendering template within layouts/application
Rendering pages/index
Rendered layouts/_header (12.8ms)
Completed in 167ms (View: 156, DB: 0) | 200 OK [http://localhost/]


Processing ApplicationController#index (for 127.0.0.1 at 2010-03-17 10:04:07) [GET]

ActionController::RoutingError (No route matches "/images/icon_close_24.png" with {:method=>:get}):
  /usr/local/lib/ruby/1.8/webrick/httpserver.rb:104:in `service'
  /usr/local/lib/ruby/1.8/webrick/httpserver.rb:65:in `run'
  /usr/local/lib/ruby/1.8/webrick/server.rb:173:in `start_thread'
  /usr/local/lib/ruby/1.8/webrick/server.rb:162:in `start'
  /usr/local/lib/ruby/1.8/webrick/server.rb:162:in `start_thread'
  /usr/local/lib/ruby/1.8/webrick/server.rb:95:in `start'
  /usr/local/lib/ruby/1.8/webrick/server.rb:92:in `each'
  /usr/local/lib/ruby/1.8/webrick/server.rb:92:in `start'
  /usr/local/lib/ruby/1.8/webrick/server.rb:23:in `start'
  /usr/local/lib/ruby/1.8/webrick/server.rb:82:in `start'

Rendering rescues/layout (not_found)


Processing PurchasesController#create (for 127.0.0.1 at 2010-03-17 10:05:18) [POST]
  Parameters: {"commit"=>"Submit", "purchase"=>{"zip"=>"12098", "buy"=>"yes", "why"=>"No reason", "email"=>"bobo@mlist.org"}, "authenticity_token"=>"Hcf09tKEVnW/+/wQ5l6GgJQcK3QFe6eQefuVKPDiFfU="}
  [4;35;1mPurchase Load (0.2ms)[0m   [0mSELECT "purchases".id FROM "purchases" WHERE ("purchases"."email" = 'bobo@mlist.org') LIMIT 1[0m
Redirected to http://localhost:3002/
Completed in 16ms (DB: 0) | 302 Found [http://localhost/purchases]


Processing PagesController#index (for 127.0.0.1 at 2010-03-17 10:05:18) [GET]
Rendering template within layouts/application
Rendering pages/index
Rendered layouts/_header (0.1ms)
Completed in 28ms (View: 18, DB: 0) | 200 OK [http://localhost/]


Processing PurchasesController#create (for 127.0.0.1 at 2010-03-17 10:11:56) [POST]
  Parameters: {"commit"=>"Submit", "purchase"=>{"zip"=>"12345", "buy"=>"yes", "why"=>"tst", "email"=>"afshdfh@oilsh.com"}, "authenticity_token"=>"Hcf09tKEVnW/+/wQ5l6GgJQcK3QFe6eQefuVKPDiFfU="}
  [4;36;1mPurchase Load (0.2ms)[0m   [0;1mSELECT "purchases".id FROM "purchases" WHERE ("purchases"."email" = 'afshdfh@oilsh.com') LIMIT 1[0m
Redirected to http://localhost:3002/
Completed in 17ms (DB: 0) | 302 Found [http://localhost/purchases]


Processing PagesController#index (for 127.0.0.1 at 2010-03-17 10:11:56) [GET]
Rendering template within layouts/application
Rendering pages/index
Rendered layouts/_header (0.2ms)
Completed in 34ms (View: 23, DB: 0) | 200 OK [http://localhost/]


Processing PagesController#index (for 127.0.0.1 at 2010-03-17 10:12:21) [GET]
Rendering template within layouts/application
Rendering pages/index
Rendered layouts/_header (0.1ms)
Completed in 28ms (View: 17, DB: 0) | 200 OK [http://localhost/]


Processing PurchasesController#create (for 127.0.0.1 at 2010-03-17 10:12:30) [POST]
  Parameters: {"commit"=>"Submit", "purchase"=>{"zip"=>"12345", "buy"=>"no", "why"=>"asfas", "email"=>"bobo@list.org"}, "authenticity_token"=>"Hcf09tKEVnW/+/wQ5l6GgJQcK3QFe6eQefuVKPDiFfU="}
  [4;35;1mPurchase Load (0.2ms)[0m   [0mSELECT "purchases".id FROM "purchases" WHERE ("purchases"."email" = 'bobo@list.org') LIMIT 1[0m
Redirected to http://localhost:3002/
Completed in 16ms (DB: 0) | 302 Found [http://localhost/purchases]


Processing PagesController#index (for 127.0.0.1 at 2010-03-17 10:12:30) [GET]
Rendering template within layouts/application
Rendering pages/index
Rendered layouts/_header (0.1ms)
Completed in 31ms (View: 20, DB: 0) | 200 OK [http://localhost/]


Processing PagesController#index (for 127.0.0.1 at 2010-03-17 10:19:17) [GET]
Rendering template within layouts/application
Rendering pages/index
Rendered layouts/_header (0.1ms)
Completed in 28ms (View: 17, DB: 0) | 200 OK [http://localhost/]


Processing PurchasesController#create (for 127.0.0.1 at 2010-03-17 10:19:26) [POST]
  Parameters: {"commit"=>"Submit", "purchase"=>{"zip"=>"12345", "buy"=>"yes", "why"=>"teata", "email"=>"athayde@list.org"}, "authenticity_token"=>"Hcf09tKEVnW/+/wQ5l6GgJQcK3QFe6eQefuVKPDiFfU="}
  [4;36;1mPurchase Load (0.2ms)[0m   [0;1mSELECT "purchases".id FROM "purchases" WHERE ("purchases"."email" = 'athayde@list.org') LIMIT 1[0m
Redirected to http://localhost:3002/
Completed in 163ms (DB: 0) | 302 Found [http://localhost/purchases]


Processing PagesController#index (for 127.0.0.1 at 2010-03-17 10:19:26) [GET]
Rendering template within layouts/application
Rendering pages/index
Rendered layouts/_header (0.1ms)
Completed in 32ms (View: 17, DB: 0) | 200 OK [http://localhost/]


Processing PagesController#index (for 127.0.0.1 at 2010-03-17 10:21:06) [GET]

ArgumentError (An object with the method include? is required must be supplied as the :in option of the configuration hash):
  app/models/purchase.rb:4
  app/controllers/pages_controller.rb:5:in `index'
  /usr/local/lib/ruby/1.8/webrick/httpserver.rb:104:in `service'
  /usr/local/lib/ruby/1.8/webrick/httpserver.rb:65:in `run'
  /usr/local/lib/ruby/1.8/webrick/server.rb:173:in `start_thread'
  /usr/local/lib/ruby/1.8/webrick/server.rb:162:in `start'
  /usr/local/lib/ruby/1.8/webrick/server.rb:162:in `start_thread'
  /usr/local/lib/ruby/1.8/webrick/server.rb:95:in `start'
  /usr/local/lib/ruby/1.8/webrick/server.rb:92:in `each'
  /usr/local/lib/ruby/1.8/webrick/server.rb:92:in `start'
  /usr/local/lib/ruby/1.8/webrick/server.rb:23:in `start'
  /usr/local/lib/ruby/1.8/webrick/server.rb:82:in `start'

Rendered rescues/_trace (67.8ms)
Rendered rescues/_request_and_response (22.8ms)
Rendering rescues/layout (internal_server_error)


Processing PagesController#index (for 127.0.0.1 at 2010-03-17 10:22:05) [GET]
Rendering template within layouts/application
Rendering pages/index
Rendered layouts/_header (0.1ms)
Completed in 28ms (View: 17, DB: 0) | 200 OK [http://localhost/]


Processing PurchasesController#create (for 127.0.0.1 at 2010-03-17 10:22:13) [POST]
  Parameters: {"commit"=>"Submit", "purchase"=>{"zip"=>"123355", "buy"=>"yes", "why"=>"I like it", "email"=>"bobo@list.org"}, "authenticity_token"=>"Hcf09tKEVnW/+/wQ5l6GgJQcK3QFe6eQefuVKPDiFfU="}
  [4;35;1mPurchase Load (0.2ms)[0m   [0mSELECT "purchases".id FROM "purchases" WHERE ("purchases"."email" = 'bobo@list.org') LIMIT 1[0m
Redirected to http://localhost:3002/
Completed in 21ms (DB: 0) | 302 Found [http://localhost/purchases]


Processing PagesController#index (for 127.0.0.1 at 2010-03-17 10:22:13) [GET]
Rendering template within layouts/application
Rendering pages/index
Rendered layouts/_header (0.1ms)
Completed in 28ms (View: 17, DB: 0) | 200 OK [http://localhost/]


Processing PagesController#index (for 127.0.0.1 at 2010-03-17 10:22:25) [GET]
Rendering template within layouts/application
Rendering pages/index
Rendered layouts/_header (0.1ms)
Completed in 29ms (View: 18, DB: 0) | 200 OK [http://localhost/]


Processing PurchasesController#create (for 127.0.0.1 at 2010-03-17 10:22:31) [POST]
  Parameters: {"commit"=>"Submit", "purchase"=>{"zip"=>"12345", "buy"=>"yes", "why"=>"asdljk", "email"=>"bobo@list.org"}, "authenticity_token"=>"Hcf09tKEVnW/+/wQ5l6GgJQcK3QFe6eQefuVKPDiFfU="}
  [4;36;1mPurchase Load (0.2ms)[0m   [0;1mSELECT "purchases".id FROM "purchases" WHERE ("purchases"."email" = 'bobo@list.org') LIMIT 1[0m
Redirected to http://localhost:3002/
Completed in 21ms (DB: 0) | 302 Found [http://localhost/purchases]


Processing PagesController#index (for 127.0.0.1 at 2010-03-17 10:22:31) [GET]
Rendering template within layouts/application
Rendering pages/index
Rendered layouts/_header (0.2ms)
Completed in 103ms (View: 18, DB: 0) | 200 OK [http://localhost/]


Processing PagesController#index (for 127.0.0.1 at 2010-03-17 10:24:38) [GET]
Rendering template within layouts/application
Rendering pages/index
Rendered layouts/_header (0.1ms)
Completed in 36ms (View: 25, DB: 0) | 200 OK [http://localhost/]


Processing PurchasesController#create (for 127.0.0.1 at 2010-03-17 10:24:46) [POST]
  Parameters: {"commit"=>"Submit", "purchase"=>{"zip"=>"12345", "buy"=>"true", "why"=>"teasst", "email"=>"bobo@list.org"}, "authenticity_token"=>"Hcf09tKEVnW/+/wQ5l6GgJQcK3QFe6eQefuVKPDiFfU="}
  [4;35;1mPurchase Load (0.2ms)[0m   [0mSELECT "purchases".id FROM "purchases" WHERE ("purchases"."email" = 'bobo@list.org') LIMIT 1[0m
Redirected to http://localhost:3002/
Completed in 24ms (DB: 0) | 302 Found [http://localhost/purchases]


Processing PagesController#index (for 127.0.0.1 at 2010-03-17 10:24:46) [GET]
Rendering template within layouts/application
Rendering pages/index
Rendered layouts/_header (0.1ms)
Completed in 104ms (View: 18, DB: 0) | 200 OK [http://localhost/]


Processing PurchasesController#create (for 127.0.0.1 at 2010-03-17 10:25:11) [POST]
  Parameters: {"commit"=>"Submit", "purchase"=>{"zip"=>"12345", "buy"=>"true", "why"=>"asd", "email"=>"bobo@list.org"}, "authenticity_token"=>"Hcf09tKEVnW/+/wQ5l6GgJQcK3QFe6eQefuVKPDiFfU="}
  [4;36;1mPurchase Load (0.2ms)[0m   [0;1mSELECT "purchases".id FROM "purchases" WHERE ("purchases"."email" = 'bobo@list.org') LIMIT 1[0m
Redirected to http://localhost:3002/
Completed in 21ms (DB: 0) | 302 Found [http://localhost/purchases]


Processing PagesController#index (for 127.0.0.1 at 2010-03-17 10:25:11) [GET]
Rendering template within layouts/application
Rendering pages/index
Rendered layouts/_header (0.1ms)
Completed in 29ms (View: 18, DB: 0) | 200 OK [http://localhost/]


Processing PurchasesController#create (for 127.0.0.1 at 2010-03-17 10:25:30) [POST]
  Parameters: {"commit"=>"Submit", "purchase"=>{"zip"=>"12345", "buy"=>"true", "why"=>"why won't you work?", "email"=>"bobo@list.org"}, "authenticity_token"=>"Hcf09tKEVnW/+/wQ5l6GgJQcK3QFe6eQefuVKPDiFfU="}
  [4;35;1mPurchase Load (0.2ms)[0m   [0mSELECT "purchases".id FROM "purchases" WHERE ("purchases"."email" = 'bobo@list.org') LIMIT 1[0m
  [4;36;1mPurchase Create (26.1ms)[0m   [0;1mINSERT INTO "purchases" ("zip", "created_at", "updated_at", "buy", "why", "email") VALUES(12345, '2010-03-17 14:25:30', '2010-03-17 14:25:30', 't', 'why won''t you work?', 'bobo@list.org')[0m
Redirected to http://localhost:3002/
Completed in 45ms (DB: 26) | 302 Found [http://localhost/purchases]


Processing PagesController#index (for 127.0.0.1 at 2010-03-17 10:25:30) [GET]
Rendering template within layouts/application
Rendering pages/index
Rendered layouts/_header (0.1ms)
Completed in 30ms (View: 18, DB: 0) | 200 OK [http://localhost/]


Processing PagesController#index (for 127.0.0.1 at 2010-03-17 10:26:12) [GET]
Rendering template within layouts/application
Rendering pages/index
Rendered layouts/_header (0.1ms)
Completed in 28ms (View: 17, DB: 0) | 200 OK [http://localhost/]


Processing PurchasesController#create (for 127.0.0.1 at 2010-03-17 10:26:23) [POST]
  Parameters: {"commit"=>"Submit", "purchase"=>{"zip"=>"12345", "buy"=>"true", "why"=>"why not?", "email"=>"bobo@list.org"}, "authenticity_token"=>"Hcf09tKEVnW/+/wQ5l6GgJQcK3QFe6eQefuVKPDiFfU="}
  [4;35;1mPurchase Load (0.3ms)[0m   [0mSELECT "purchases".id FROM "purchases" WHERE ("purchases"."email" = 'bobo@list.org') LIMIT 1[0m
Redirected to http://localhost:3002/
Completed in 27ms (DB: 0) | 302 Found [http://localhost/purchases]


Processing PagesController#index (for 127.0.0.1 at 2010-03-17 10:26:23) [GET]
Rendering template within layouts/application
Rendering pages/index
Rendered layouts/_header (0.1ms)
Completed in 35ms (View: 22, DB: 0) | 200 OK [http://localhost/]


Processing PurchasesController#create (for 127.0.0.1 at 2010-03-17 10:26:35) [POST]
  Parameters: {"commit"=>"Submit", "purchase"=>{"zip"=>"12345", "buy"=>"true", "why"=>"Bam!", "email"=>"athayde@gmail.com"}, "authenticity_token"=>"Hcf09tKEVnW/+/wQ5l6GgJQcK3QFe6eQefuVKPDiFfU="}
  [4;36;1mPurchase Load (1.1ms)[0m   [0;1mSELECT "purchases".id FROM "purchases" WHERE ("purchases"."email" = 'athayde@gmail.com') LIMIT 1[0m
  [4;35;1mPurchase Create (0.4ms)[0m   [0mINSERT INTO "purchases" ("zip", "created_at", "updated_at", "buy", "why", "email") VALUES(12345, '2010-03-17 14:26:35', '2010-03-17 14:26:35', 't', 'Bam!', 'athayde@gmail.com')[0m
Redirected to http://localhost:3002/
Completed in 26ms (DB: 1) | 302 Found [http://localhost/purchases]


Processing PagesController#index (for 127.0.0.1 at 2010-03-17 10:26:35) [GET]
Rendering template within layouts/application
Rendering pages/index
Rendered layouts/_header (0.1ms)
Completed in 34ms (View: 21, DB: 0) | 200 OK [http://localhost/]


Processing PagesController#index (for 127.0.0.1 at 2010-03-17 10:27:39) [GET]
Rendering template within layouts/application
Rendering pages/index
Rendered layouts/_header (0.1ms)
Completed in 106ms (View: 95, DB: 0) | 200 OK [http://localhost/]


Processing PagesController#index (for 127.0.0.1 at 2010-03-17 10:29:06) [GET]
Rendering template within layouts/application
Rendering pages/index
Rendered layouts/_header (0.1ms)
Completed in 37ms (View: 26, DB: 0) | 200 OK [http://localhost/]
